<?xml version="1.0" encoding="UTF-8"?>
<!-- Generated by org.testng.reporters.JUnitReportReporter -->
<testsuite hostname="admin-PC" name="test.ProductTest" tests="1" failures="0" timestamp="17 Feb 2019 15:35:41 GMT" time="5.482" errors="0">
  <testcase name="verifyAllProduct" time="5.482" classname="test.ProductTest"/>
</testsuite> <!-- test.ProductTest -->
